<?xml version="1.0" encoding="UTF-8"?>
<!-- Generated by org.testng.reporters.JUnitReportReporter -->
<testsuite hostname="Sumit-PC" failures="0" tests="3" name="youtube.Test.Test" time="86.343" errors="0" timestamp="2020-10-07T19:11:53 IST" skipped="0">
  <testcase classname="youtube.Test.Test" name="SignupTest" time="26.218"/>
  <testcase classname="youtube.Test.Test" name="likeOldestVideo" time="30.415"/>
  <testcase classname="youtube.Test.Test" name="LoginTest" time="29.710"/>
</testsuite> <!-- youtube.Test.Test -->
